<?xml version="1.0" encoding="UTF-8"?>
<!-- Generated by org.testng.reporters.JUnitXMLReporter -->
<testsuite ignored="0" hostname="LAPTOP-QQ6V01DQ" failures="0" tests="3" name="Default test" time="51.344" errors="0" timestamp="2023-05-19T16:09:01 CDT">
  <testcase classname="org.example.FirstTestNGTest" name="verifyHomepageTitle" time="0.022"/>
  <testcase classname="org.example.FirstTestNGTest" name="verifyLoginpage" time="0.371"/>
  <testcase classname="org.example.FirstTestNGTest" name="verifySigninpage" time="8.813"/>
</testsuite> <!-- Default test -->
